[2021-07-16 08:38:59.232] [exthost] [info] extension host started
[2021-07-16 08:38:59.232] [exthost] [info] Skipping acquiring lock for /opt/lampp/htdocs/LivingOut/~/.vscode-root/User/workspaceStorage/9a4b0a203d1e2f9b803654bc1b946b57.
[2021-07-16 08:38:59.864] [exthost] [info] ExtensionService#_doActivateExtension vscode.microsoft-authentication {"startup":false,"extensionId":{"value":"vscode.microsoft-authentication","_lower":"vscode.microsoft-authentication"},"activationEvent":"onAuthenticationRequest:microsoft"}
[2021-07-16 08:38:59.865] [exthost] [info] ExtensionService#loadCommonJSModule file:///snap/code/70/usr/share/code/resources/app/extensions/microsoft-authentication/dist/extension.js
[2021-07-16 08:38:59.909] [exthost] [info] ExtensionService#_doActivateExtension onecentlin.laravel-blade {"startup":false,"extensionId":{"value":"onecentlin.laravel-blade","_lower":"onecentlin.laravel-blade"},"activationEvent":"onLanguage:blade"}
[2021-07-16 08:38:59.909] [exthost] [info] ExtensionService#loadCommonJSModule file:///root/.vscode/extensions/onecentlin.laravel-blade-1.25.0/out/extension
[2021-07-16 08:38:59.977] [exthost] [info] ExtensionService#_doActivateExtension vscode.debug-auto-launch {"startup":true,"extensionId":{"value":"vscode.debug-auto-launch","_lower":"vscode.debug-auto-launch"},"activationEvent":"*"}
[2021-07-16 08:38:59.977] [exthost] [info] ExtensionService#loadCommonJSModule file:///snap/code/70/usr/share/code/resources/app/extensions/debug-auto-launch/dist/extension
[2021-07-16 08:38:59.988] [exthost] [info] ExtensionService#_doActivateExtension vscode.git {"startup":true,"extensionId":{"value":"vscode.github","_lower":"vscode.github"},"activationEvent":"*"}
[2021-07-16 08:38:59.988] [exthost] [info] ExtensionService#loadCommonJSModule file:///snap/code/70/usr/share/code/resources/app/extensions/git/dist/main
[2021-07-16 08:39:00.132] [exthost] [info] ExtensionService#_doActivateExtension humy2833.ftp-simple {"startup":true,"extensionId":{"value":"humy2833.ftp-simple","_lower":"humy2833.ftp-simple"},"activationEvent":"*"}
[2021-07-16 08:39:00.132] [exthost] [info] ExtensionService#loadCommonJSModule file:///root/.vscode/extensions/humy2833.ftp-simple-0.7.6/extension
[2021-07-16 08:39:00.780] [exthost] [info] ExtensionService#_doActivateExtension vscode.npm {"startup":true,"extensionId":{"value":"vscode.npm","_lower":"vscode.npm"},"activationEvent":"workspaceContains:package.json"}
[2021-07-16 08:39:00.780] [exthost] [info] ExtensionService#loadCommonJSModule file:///snap/code/70/usr/share/code/resources/app/extensions/npm/dist/npmMain
[2021-07-16 08:39:01.043] [exthost] [info] ExtensionService#_doActivateExtension vscode.github {"startup":true,"extensionId":{"value":"vscode.github","_lower":"vscode.github"},"activationEvent":"*"}
[2021-07-16 08:39:01.044] [exthost] [info] ExtensionService#loadCommonJSModule file:///snap/code/70/usr/share/code/resources/app/extensions/github/dist/extension.js
[2021-07-16 08:39:01.199] [exthost] [warning] [Decorations] CAPPING events from decorations provider vscode.git 1693
[2021-07-16 08:39:01.233] [exthost] [info] ExtensionService#_doActivateExtension ms-vscode.js-debug {"startup":false,"extensionId":{"value":"ms-vscode.js-debug","_lower":"ms-vscode.js-debug"},"activationEvent":"onCommand:extension.js-debug.clearAutoAttachVariables"}
[2021-07-16 08:39:01.233] [exthost] [info] ExtensionService#loadCommonJSModule file:///snap/code/70/usr/share/code/resources/app/extensions/ms-vscode.js-debug/src/extension.js
[2021-07-16 08:39:02.221] [exthost] [info] ExtensionService#_doActivateExtension vscode.github-authentication {"startup":false,"extensionId":{"value":"vscode.github-authentication","_lower":"vscode.github-authentication"},"activationEvent":"onAuthenticationRequest:github"}
[2021-07-16 08:39:02.221] [exthost] [info] ExtensionService#loadCommonJSModule file:///snap/code/70/usr/share/code/resources/app/extensions/github-authentication/dist/extension.js
[2021-07-16 08:39:02.254] [exthost] [info] eager extensions activated
[2021-07-16 08:39:02.372] [exthost] [info] ExtensionService#_doActivateExtension vscode.emmet {"startup":false,"extensionId":{"value":"vscode.emmet","_lower":"vscode.emmet"},"activationEvent":"onStartupFinished"}
[2021-07-16 08:39:02.372] [exthost] [info] ExtensionService#loadCommonJSModule file:///snap/code/70/usr/share/code/resources/app/extensions/emmet/dist/node/emmetNodeMain
[2021-07-16 08:39:02.388] [exthost] [info] ExtensionService#_doActivateExtension vscode.merge-conflict {"startup":false,"extensionId":{"value":"vscode.merge-conflict","_lower":"vscode.merge-conflict"},"activationEvent":"onStartupFinished"}
[2021-07-16 08:39:02.388] [exthost] [info] ExtensionService#loadCommonJSModule file:///snap/code/70/usr/share/code/resources/app/extensions/merge-conflict/dist/mergeConflictMain
[2021-07-16 08:39:02.391] [exthost] [info] ExtensionService#_doActivateExtension vscode.testing-editor-contributions {"startup":false,"extensionId":{"value":"vscode.testing-editor-contributions","_lower":"vscode.testing-editor-contributions"},"activationEvent":"onStartupFinished"}
[2021-07-16 08:39:02.391] [exthost] [info] ExtensionService#loadCommonJSModule file:///snap/code/70/usr/share/code/resources/app/extensions/testing-editor-contributions/dist/extension.js
[2021-07-16 08:48:53.446] [exthost] [warning] [Decorations] CAPPING events from decorations provider vscode.git 2103
[2021-07-16 08:48:58.606] [exthost] [warning] [Decorations] CAPPING events from decorations provider vscode.git 2103
[2021-07-16 08:49:23.344] [exthost] [info] ExtensionService#_doActivateExtension vscode.css-language-features {"startup":false,"extensionId":{"value":"vscode.css-language-features","_lower":"vscode.css-language-features"},"activationEvent":"onLanguage:css"}
[2021-07-16 08:49:23.344] [exthost] [info] ExtensionService#loadCommonJSModule file:///snap/code/70/usr/share/code/resources/app/extensions/css-language-features/client/dist/node/cssClientMain
[2021-07-16 08:50:36.387] [exthost] [warning] [Decorations] CAPPING events from decorations provider vscode.git 2104
[2021-07-16 08:50:50.355] [exthost] [warning] [Decorations] CAPPING events from decorations provider vscode.git 2104
[2021-07-16 08:51:00.128] [exthost] [warning] [Decorations] CAPPING events from decorations provider vscode.git 2104
[2021-07-16 08:51:05.248] [exthost] [warning] [Decorations] CAPPING events from decorations provider vscode.git 2104
[2021-07-16 08:51:10.414] [exthost] [warning] [Decorations] CAPPING events from decorations provider vscode.git 2104
[2021-07-16 08:51:15.531] [exthost] [warning] [Decorations] CAPPING events from decorations provider vscode.git 2104
[2021-07-16 08:51:34.019] [exthost] [warning] [Decorations] CAPPING events from decorations provider vscode.git 2104
[2021-07-16 08:51:39.145] [exthost] [warning] [Decorations] CAPPING events from decorations provider vscode.git 2104
[2021-07-16 08:51:44.220] [exthost] [warning] [Decorations] CAPPING events from decorations provider vscode.git 2104
[2021-07-16 08:51:49.309] [exthost] [warning] [Decorations] CAPPING events from decorations provider vscode.git 2104
[2021-07-16 08:51:54.468] [exthost] [warning] [Decorations] CAPPING events from decorations provider vscode.git 2104
[2021-07-16 08:51:59.700] [exthost] [warning] [Decorations] CAPPING events from decorations provider vscode.git 2104
[2021-07-16 08:52:04.822] [exthost] [warning] [Decorations] CAPPING events from decorations provider vscode.git 2104
[2021-07-16 08:52:09.948] [exthost] [warning] [Decorations] CAPPING events from decorations provider vscode.git 2104
[2021-07-16 08:52:15.052] [exthost] [warning] [Decorations] CAPPING events from decorations provider vscode.git 2104
[2021-07-16 08:52:20.262] [exthost] [warning] [Decorations] CAPPING events from decorations provider vscode.git 2104
[2021-07-16 08:52:30.157] [exthost] [warning] [Decorations] CAPPING events from decorations provider vscode.git 2104
[2021-07-16 08:52:35.228] [exthost] [warning] [Decorations] CAPPING events from decorations provider vscode.git 2104
[2021-07-16 08:52:40.345] [exthost] [warning] [Decorations] CAPPING events from decorations provider vscode.git 2104
[2021-07-16 08:52:45.460] [exthost] [warning] [Decorations] CAPPING events from decorations provider vscode.git 2104
[2021-07-16 08:52:50.543] [exthost] [warning] [Decorations] CAPPING events from decorations provider vscode.git 2104
[2021-07-16 08:52:55.666] [exthost] [warning] [Decorations] CAPPING events from decorations provider vscode.git 2104
[2021-07-16 08:53:02.249] [exthost] [warning] [Decorations] CAPPING events from decorations provider vscode.git 2104
[2021-07-16 08:53:09.370] [exthost] [warning] [Decorations] CAPPING events from decorations provider vscode.git 2104
[2021-07-16 08:53:14.555] [exthost] [warning] [Decorations] CAPPING events from decorations provider vscode.git 2104
[2021-07-16 08:53:24.689] [exthost] [warning] [Decorations] CAPPING events from decorations provider vscode.git 2104
[2021-07-16 08:53:29.812] [exthost] [warning] [Decorations] CAPPING events from decorations provider vscode.git 2104
[2021-07-16 08:53:39.588] [exthost] [warning] [Decorations] CAPPING events from decorations provider vscode.git 2104
[2021-07-16 08:53:44.693] [exthost] [warning] [Decorations] CAPPING events from decorations provider vscode.git 2104
[2021-07-16 08:53:49.798] [exthost] [warning] [Decorations] CAPPING events from decorations provider vscode.git 2104
[2021-07-16 08:53:59.470] [exthost] [warning] [Decorations] CAPPING events from decorations provider vscode.git 2104
[2021-07-16 08:54:04.594] [exthost] [warning] [Decorations] CAPPING events from decorations provider vscode.git 2104
[2021-07-16 08:55:00.617] [exthost] [warning] [Decorations] CAPPING events from decorations provider vscode.git 2104
[2021-07-16 08:55:05.712] [exthost] [warning] [Decorations] CAPPING events from decorations provider vscode.git 2104
[2021-07-16 08:55:10.820] [exthost] [warning] [Decorations] CAPPING events from decorations provider vscode.git 2104
[2021-07-16 08:55:18.611] [exthost] [warning] [Decorations] CAPPING events from decorations provider vscode.git 2104
[2021-07-16 08:55:23.724] [exthost] [warning] [Decorations] CAPPING events from decorations provider vscode.git 2104
[2021-07-16 08:55:28.797] [exthost] [warning] [Decorations] CAPPING events from decorations provider vscode.git 2104
[2021-07-16 08:55:33.900] [exthost] [warning] [Decorations] CAPPING events from decorations provider vscode.git 2104
[2021-07-16 08:55:39.796] [exthost] [warning] [Decorations] CAPPING events from decorations provider vscode.git 2104
[2021-07-16 08:55:45.836] [exthost] [warning] [Decorations] CAPPING events from decorations provider vscode.git 2104
[2021-07-16 08:56:32.009] [exthost] [warning] [Decorations] CAPPING events from decorations provider vscode.git 2105
[2021-07-16 08:56:42.580] [exthost] [warning] [Decorations] CAPPING events from decorations provider vscode.git 2105
[2021-07-16 08:56:48.317] [exthost] [warning] [Decorations] CAPPING events from decorations provider vscode.git 2105
[2021-07-16 08:56:53.418] [exthost] [warning] [Decorations] CAPPING events from decorations provider vscode.git 2105
[2021-07-16 08:56:58.516] [exthost] [warning] [Decorations] CAPPING events from decorations provider vscode.git 2105
[2021-07-16 08:57:03.619] [exthost] [warning] [Decorations] CAPPING events from decorations provider vscode.git 2105
[2021-07-16 08:57:08.711] [exthost] [warning] [Decorations] CAPPING events from decorations provider vscode.git 2105
[2021-07-16 08:57:13.791] [exthost] [warning] [Decorations] CAPPING events from decorations provider vscode.git 2105
[2021-07-16 08:57:18.899] [exthost] [warning] [Decorations] CAPPING events from decorations provider vscode.git 2105
[2021-07-16 08:57:31.465] [exthost] [warning] [Decorations] CAPPING events from decorations provider vscode.git 2105
[2021-07-16 08:57:36.624] [exthost] [warning] [Decorations] CAPPING events from decorations provider vscode.git 2105
[2021-07-16 08:58:15.965] [exthost] [warning] [Decorations] CAPPING events from decorations provider vscode.git 2105
[2021-07-16 08:58:21.243] [exthost] [warning] [Decorations] CAPPING events from decorations provider vscode.git 2105
[2021-07-16 08:58:28.644] [exthost] [warning] [Decorations] CAPPING events from decorations provider vscode.git 2105
[2021-07-16 08:58:33.809] [exthost] [warning] [Decorations] CAPPING events from decorations provider vscode.git 2105
[2021-07-16 08:58:41.393] [exthost] [warning] [Decorations] CAPPING events from decorations provider vscode.git 2105
[2021-07-16 08:58:46.495] [exthost] [warning] [Decorations] CAPPING events from decorations provider vscode.git 2105
[2021-07-16 08:58:56.594] [exthost] [warning] [Decorations] CAPPING events from decorations provider vscode.git 2105
[2021-07-16 08:59:01.682] [exthost] [warning] [Decorations] CAPPING events from decorations provider vscode.git 2105
[2021-07-16 08:59:08.395] [exthost] [warning] [Decorations] CAPPING events from decorations provider vscode.git 2105
[2021-07-16 09:00:53.117] [exthost] [warning] [Decorations] CAPPING events from decorations provider vscode.git 2105
[2021-07-16 09:01:27.509] [exthost] [warning] [Decorations] CAPPING events from decorations provider vscode.git 2105
[2021-07-16 09:01:32.616] [exthost] [warning] [Decorations] CAPPING events from decorations provider vscode.git 2105
[2021-07-16 09:01:37.685] [exthost] [warning] [Decorations] CAPPING events from decorations provider vscode.git 2105
[2021-07-16 09:01:42.789] [exthost] [warning] [Decorations] CAPPING events from decorations provider vscode.git 2105
[2021-07-16 09:02:21.059] [exthost] [warning] [Decorations] CAPPING events from decorations provider vscode.git 2105
[2021-07-16 09:02:26.130] [exthost] [warning] [Decorations] CAPPING events from decorations provider vscode.git 2105
[2021-07-16 09:02:31.227] [exthost] [warning] [Decorations] CAPPING events from decorations provider vscode.git 2105
[2021-07-16 09:02:49.963] [exthost] [warning] [Decorations] CAPPING events from decorations provider vscode.git 2105
[2021-07-16 09:02:55.054] [exthost] [warning] [Decorations] CAPPING events from decorations provider vscode.git 2105
[2021-07-16 09:03:53.808] [exthost] [warning] [Decorations] CAPPING events from decorations provider vscode.git 2105
[2021-07-16 09:04:12.800] [exthost] [warning] [Decorations] CAPPING events from decorations provider vscode.git 2105
[2021-07-16 09:04:17.869] [exthost] [warning] [Decorations] CAPPING events from decorations provider vscode.git 2105
[2021-07-16 09:04:29.868] [exthost] [warning] [Decorations] CAPPING events from decorations provider vscode.git 2105
[2021-07-16 09:04:34.945] [exthost] [warning] [Decorations] CAPPING events from decorations provider vscode.git 2105
[2021-07-16 09:06:22.055] [exthost] [warning] [Decorations] CAPPING events from decorations provider vscode.git 2105
[2021-07-16 09:06:27.157] [exthost] [warning] [Decorations] CAPPING events from decorations provider vscode.git 2105
[2021-07-16 09:06:32.256] [exthost] [warning] [Decorations] CAPPING events from decorations provider vscode.git 2105
[2021-07-16 09:06:37.374] [exthost] [warning] [Decorations] CAPPING events from decorations provider vscode.git 2105
[2021-07-16 09:06:42.473] [exthost] [warning] [Decorations] CAPPING events from decorations provider vscode.git 2105
[2021-07-16 09:06:47.584] [exthost] [warning] [Decorations] CAPPING events from decorations provider vscode.git 2105
[2021-07-16 09:06:52.665] [exthost] [warning] [Decorations] CAPPING events from decorations provider vscode.git 2105
[2021-07-16 09:06:57.839] [exthost] [warning] [Decorations] CAPPING events from decorations provider vscode.git 2105
[2021-07-16 09:07:03.054] [exthost] [warning] [Decorations] CAPPING events from decorations provider vscode.git 2105
[2021-07-16 09:07:26.336] [exthost] [warning] [Decorations] CAPPING events from decorations provider vscode.git 2105
[2021-07-16 09:07:34.365] [exthost] [warning] [Decorations] CAPPING events from decorations provider vscode.git 2105
[2021-07-16 09:07:39.590] [exthost] [warning] [Decorations] CAPPING events from decorations provider vscode.git 2105
[2021-07-16 09:07:49.786] [exthost] [warning] [Decorations] CAPPING events from decorations provider vscode.git 2105
[2021-07-16 09:07:54.882] [exthost] [warning] [Decorations] CAPPING events from decorations provider vscode.git 2105
[2021-07-16 09:07:59.997] [exthost] [warning] [Decorations] CAPPING events from decorations provider vscode.git 2105
[2021-07-16 09:08:05.108] [exthost] [warning] [Decorations] CAPPING events from decorations provider vscode.git 2105
[2021-07-16 09:08:18.004] [exthost] [warning] [Decorations] CAPPING events from decorations provider vscode.git 2105
[2021-07-16 09:08:23.115] [exthost] [warning] [Decorations] CAPPING events from decorations provider vscode.git 2105
[2021-07-16 09:09:09.239] [exthost] [warning] [Decorations] CAPPING events from decorations provider vscode.git 2105
[2021-07-16 09:09:14.372] [exthost] [warning] [Decorations] CAPPING events from decorations provider vscode.git 2105
[2021-07-16 09:09:27.495] [exthost] [warning] [Decorations] CAPPING events from decorations provider vscode.git 2105
[2021-07-16 09:09:32.707] [exthost] [warning] [Decorations] CAPPING events from decorations provider vscode.git 2105
[2021-07-16 09:09:37.834] [exthost] [warning] [Decorations] CAPPING events from decorations provider vscode.git 2105
[2021-07-16 09:09:43.029] [exthost] [warning] [Decorations] CAPPING events from decorations provider vscode.git 2105
[2021-07-16 09:09:48.245] [exthost] [warning] [Decorations] CAPPING events from decorations provider vscode.git 2105
[2021-07-16 09:10:25.547] [exthost] [warning] [Decorations] CAPPING events from decorations provider vscode.git 2105
[2021-07-16 09:10:30.637] [exthost] [warning] [Decorations] CAPPING events from decorations provider vscode.git 2105
[2021-07-16 09:11:40.944] [exthost] [warning] [Decorations] CAPPING events from decorations provider vscode.git 2105
[2021-07-16 09:11:46.053] [exthost] [warning] [Decorations] CAPPING events from decorations provider vscode.git 2105
[2021-07-16 09:11:51.149] [exthost] [warning] [Decorations] CAPPING events from decorations provider vscode.git 2105
[2021-07-16 09:11:56.227] [exthost] [warning] [Decorations] CAPPING events from decorations provider vscode.git 2105
[2021-07-16 09:12:01.330] [exthost] [warning] [Decorations] CAPPING events from decorations provider vscode.git 2105
[2021-07-16 09:12:06.410] [exthost] [warning] [Decorations] CAPPING events from decorations provider vscode.git 2105
[2021-07-16 09:12:11.509] [exthost] [warning] [Decorations] CAPPING events from decorations provider vscode.git 2105
[2021-07-16 09:14:01.222] [exthost] [warning] [Decorations] CAPPING events from decorations provider vscode.git 2105
[2021-07-16 09:14:06.323] [exthost] [warning] [Decorations] CAPPING events from decorations provider vscode.git 2105
[2021-07-16 09:14:25.566] [exthost] [warning] [Decorations] CAPPING events from decorations provider vscode.git 2105
[2021-07-16 09:14:35.941] [exthost] [warning] [Decorations] CAPPING events from decorations provider vscode.git 2105
[2021-07-16 09:14:41.050] [exthost] [warning] [Decorations] CAPPING events from decorations provider vscode.git 2105
[2021-07-16 09:15:02.308] [exthost] [warning] [Decorations] CAPPING events from decorations provider vscode.git 2105
[2021-07-16 09:15:46.409] [exthost] [warning] [Decorations] CAPPING events from decorations provider vscode.git 2105
[2021-07-16 09:15:51.513] [exthost] [warning] [Decorations] CAPPING events from decorations provider vscode.git 2105
[2021-07-16 09:17:02.725] [exthost] [warning] [Decorations] CAPPING events from decorations provider vscode.git 2105
[2021-07-16 09:17:07.829] [exthost] [warning] [Decorations] CAPPING events from decorations provider vscode.git 2105
[2021-07-16 09:17:13.579] [exthost] [warning] [Decorations] CAPPING events from decorations provider vscode.git 2105
[2021-07-16 09:17:19.584] [exthost] [warning] [Decorations] CAPPING events from decorations provider vscode.git 2105
[2021-07-16 09:17:28.875] [exthost] [warning] [Decorations] CAPPING events from decorations provider vscode.git 2105
[2021-07-16 09:17:31.856] [exthost] [info] ExtensionService#_doActivateExtension vscode.html-language-features {"startup":false,"extensionId":{"value":"vscode.html-language-features","_lower":"vscode.html-language-features"},"activationEvent":"onLanguage:html"}
[2021-07-16 09:17:31.858] [exthost] [info] ExtensionService#loadCommonJSModule file:///snap/code/70/usr/share/code/resources/app/extensions/html-language-features/client/dist/node/htmlClientMain
[2021-07-16 09:17:38.480] [exthost] [warning] [Decorations] CAPPING events from decorations provider vscode.git 2105
[2021-07-16 09:17:43.569] [exthost] [warning] [Decorations] CAPPING events from decorations provider vscode.git 2105
[2021-07-16 09:17:48.656] [exthost] [warning] [Decorations] CAPPING events from decorations provider vscode.git 2106
[2021-07-16 09:19:23.150] [exthost] [warning] [Decorations] CAPPING events from decorations provider vscode.git 2106
[2021-07-16 09:19:31.592] [exthost] [warning] [Decorations] CAPPING events from decorations provider vscode.git 2106
[2021-07-16 09:19:36.687] [exthost] [warning] [Decorations] CAPPING events from decorations provider vscode.git 2106
[2021-07-16 09:19:52.647] [exthost] [warning] [Decorations] CAPPING events from decorations provider vscode.git 2106
[2021-07-16 09:19:57.723] [exthost] [warning] [Decorations] CAPPING events from decorations provider vscode.git 2106
[2021-07-16 10:28:51.825] [exthost] [warning] [Decorations] CAPPING events from decorations provider vscode.git 2106
[2021-07-16 10:28:56.932] [exthost] [warning] [Decorations] CAPPING events from decorations provider vscode.git 2106
[2021-07-16 10:29:02.016] [exthost] [warning] [Decorations] CAPPING events from decorations provider vscode.git 2106
[2021-07-16 10:29:07.127] [exthost] [warning] [Decorations] CAPPING events from decorations provider vscode.git 2106
[2021-07-16 10:29:12.244] [exthost] [warning] [Decorations] CAPPING events from decorations provider vscode.git 2106
[2021-07-16 10:29:20.151] [exthost] [warning] [Decorations] CAPPING events from decorations provider vscode.git 2106
[2021-07-16 10:29:26.051] [exthost] [warning] [Decorations] CAPPING events from decorations provider vscode.git 2106
[2021-07-16 10:29:45.241] [exthost] [warning] [Decorations] CAPPING events from decorations provider vscode.git 2106
[2021-07-16 10:30:00.727] [exthost] [warning] [Decorations] CAPPING events from decorations provider vscode.git 2106
[2021-07-16 10:30:16.435] [exthost] [warning] [Decorations] CAPPING events from decorations provider vscode.git 2106
[2021-07-16 10:31:27.458] [exthost] [warning] [Decorations] CAPPING events from decorations provider vscode.git 2106
[2021-07-16 10:32:16.323] [exthost] [warning] [Decorations] CAPPING events from decorations provider vscode.git 2106
[2021-07-16 10:33:18.965] [exthost] [warning] [Decorations] CAPPING events from decorations provider vscode.git 2106
[2021-07-16 10:33:24.076] [exthost] [warning] [Decorations] CAPPING events from decorations provider vscode.git 2106
[2021-07-16 10:33:29.181] [exthost] [warning] [Decorations] CAPPING events from decorations provider vscode.git 2106
[2021-07-16 10:33:34.285] [exthost] [warning] [Decorations] CAPPING events from decorations provider vscode.git 2106
[2021-07-16 10:33:39.394] [exthost] [warning] [Decorations] CAPPING events from decorations provider vscode.git 2106
[2021-07-16 10:33:44.501] [exthost] [warning] [Decorations] CAPPING events from decorations provider vscode.git 2106
[2021-07-16 10:33:49.615] [exthost] [warning] [Decorations] CAPPING events from decorations provider vscode.git 2106
[2021-07-16 10:33:54.712] [exthost] [warning] [Decorations] CAPPING events from decorations provider vscode.git 2106
[2021-07-16 10:34:00.903] [exthost] [warning] [Decorations] CAPPING events from decorations provider vscode.git 2106
[2021-07-16 10:34:06.005] [exthost] [warning] [Decorations] CAPPING events from decorations provider vscode.git 2106
[2021-07-16 10:34:12.742] [exthost] [warning] [Decorations] CAPPING events from decorations provider vscode.git 2106
[2021-07-16 10:34:18.012] [exthost] [warning] [Decorations] CAPPING events from decorations provider vscode.git 2106
[2021-07-16 10:34:51.176] [exthost] [warning] [Decorations] CAPPING events from decorations provider vscode.git 2106
[2021-07-16 10:34:56.278] [exthost] [warning] [Decorations] CAPPING events from decorations provider vscode.git 2106
[2021-07-16 10:36:03.381] [exthost] [warning] [Decorations] CAPPING events from decorations provider vscode.git 2106
[2021-07-16 10:36:08.511] [exthost] [warning] [Decorations] CAPPING events from decorations provider vscode.git 2106
[2021-07-16 10:36:13.615] [exthost] [warning] [Decorations] CAPPING events from decorations provider vscode.git 2106
[2021-07-16 10:38:16.970] [exthost] [warning] [Decorations] CAPPING events from decorations provider vscode.git 2106
[2021-07-16 10:38:58.126] [exthost] [warning] [Decorations] CAPPING events from decorations provider vscode.git 2106
[2021-07-16 10:39:03.209] [exthost] [warning] [Decorations] CAPPING events from decorations provider vscode.git 2106
[2021-07-16 10:39:08.309] [exthost] [warning] [Decorations] CAPPING events from decorations provider vscode.git 2106
[2021-07-16 10:39:13.409] [exthost] [warning] [Decorations] CAPPING events from decorations provider vscode.git 2106
[2021-07-16 10:39:18.511] [exthost] [warning] [Decorations] CAPPING events from decorations provider vscode.git 2106
[2021-07-16 10:39:36.598] [exthost] [warning] [Decorations] CAPPING events from decorations provider vscode.git 2106
[2021-07-16 10:39:41.708] [exthost] [warning] [Decorations] CAPPING events from decorations provider vscode.git 2106
[2021-07-16 10:40:39.300] [exthost] [warning] [Decorations] CAPPING events from decorations provider vscode.git 2106
[2021-07-16 10:40:47.514] [exthost] [warning] [Decorations] CAPPING events from decorations provider vscode.git 2106
[2021-07-16 10:41:00.818] [exthost] [warning] [Decorations] CAPPING events from decorations provider vscode.git 2106
[2021-07-16 10:41:08.072] [exthost] [warning] [Decorations] CAPPING events from decorations provider vscode.git 2106
[2021-07-16 10:41:21.941] [exthost] [warning] [Decorations] CAPPING events from decorations provider vscode.git 2106
[2021-07-16 10:41:49.794] [exthost] [warning] [Decorations] CAPPING events from decorations provider vscode.git 2106
[2021-07-16 10:41:57.311] [exthost] [warning] [Decorations] CAPPING events from decorations provider vscode.git 2106
[2021-07-16 10:42:03.653] [exthost] [warning] [Decorations] CAPPING events from decorations provider vscode.git 2106
[2021-07-16 10:42:20.980] [exthost] [warning] [Decorations] CAPPING events from decorations provider vscode.git 2106
[2021-07-16 10:42:26.105] [exthost] [warning] [Decorations] CAPPING events from decorations provider vscode.git 2106
[2021-07-16 10:42:31.187] [exthost] [warning] [Decorations] CAPPING events from decorations provider vscode.git 2106
[2021-07-16 10:43:34.181] [exthost] [warning] [Decorations] CAPPING events from decorations provider vscode.git 2106
[2021-07-16 10:43:39.375] [exthost] [warning] [Decorations] CAPPING events from decorations provider vscode.git 2106
[2021-07-16 10:43:44.450] [exthost] [warning] [Decorations] CAPPING events from decorations provider vscode.git 2106
[2021-07-16 10:43:49.562] [exthost] [warning] [Decorations] CAPPING events from decorations provider vscode.git 2106
[2021-07-16 10:43:54.632] [exthost] [warning] [Decorations] CAPPING events from decorations provider vscode.git 2106
[2021-07-16 10:44:11.276] [exthost] [warning] [Decorations] CAPPING events from decorations provider vscode.git 2106
[2021-07-16 10:44:54.139] [exthost] [warning] [Decorations] CAPPING events from decorations provider vscode.git 2106
[2021-07-16 10:44:59.301] [exthost] [warning] [Decorations] CAPPING events from decorations provider vscode.git 2106
[2021-07-16 10:46:09.036] [exthost] [warning] [Decorations] CAPPING events from decorations provider vscode.git 2106
[2021-07-16 10:46:14.143] [exthost] [warning] [Decorations] CAPPING events from decorations provider vscode.git 2106
[2021-07-16 10:46:19.250] [exthost] [warning] [Decorations] CAPPING events from decorations provider vscode.git 2106
[2021-07-16 10:46:24.359] [exthost] [warning] [Decorations] CAPPING events from decorations provider vscode.git 2106
[2021-07-16 10:46:29.468] [exthost] [warning] [Decorations] CAPPING events from decorations provider vscode.git 2106
[2021-07-16 10:46:41.145] [exthost] [warning] [Decorations] CAPPING events from decorations provider vscode.git 2106
[2021-07-16 10:46:46.263] [exthost] [warning] [Decorations] CAPPING events from decorations provider vscode.git 2106
[2021-07-16 10:46:56.556] [exthost] [warning] [Decorations] CAPPING events from decorations provider vscode.git 2106
[2021-07-16 10:47:07.392] [exthost] [warning] [Decorations] CAPPING events from decorations provider vscode.git 2106
[2021-07-16 10:47:12.488] [exthost] [warning] [Decorations] CAPPING events from decorations provider vscode.git 2106
[2021-07-16 10:47:17.635] [exthost] [warning] [Decorations] CAPPING events from decorations provider vscode.git 2106
[2021-07-16 10:47:22.741] [exthost] [warning] [Decorations] CAPPING events from decorations provider vscode.git 2106
[2021-07-16 10:47:29.853] [exthost] [warning] [Decorations] CAPPING events from decorations provider vscode.git 2106
[2021-07-16 10:48:29.310] [exthost] [warning] [Decorations] CAPPING events from decorations provider vscode.git 2106
[2021-07-16 10:48:34.410] [exthost] [warning] [Decorations] CAPPING events from decorations provider vscode.git 2106
[2021-07-16 10:48:58.415] [exthost] [warning] [Decorations] CAPPING events from decorations provider vscode.git 2106
[2021-07-16 10:49:04.094] [exthost] [warning] [Decorations] CAPPING events from decorations provider vscode.git 2106
[2021-07-16 10:49:09.216] [exthost] [warning] [Decorations] CAPPING events from decorations provider vscode.git 2106
[2021-07-16 10:49:51.751] [exthost] [warning] [Decorations] CAPPING events from decorations provider vscode.git 2106
[2021-07-16 10:49:56.849] [exthost] [warning] [Decorations] CAPPING events from decorations provider vscode.git 2106
[2021-07-16 10:50:08.835] [exthost] [warning] [Decorations] CAPPING events from decorations provider vscode.git 2106
[2021-07-16 10:50:13.925] [exthost] [warning] [Decorations] CAPPING events from decorations provider vscode.git 2106
[2021-07-16 10:50:19.011] [exthost] [warning] [Decorations] CAPPING events from decorations provider vscode.git 2106
[2021-07-16 10:50:24.116] [exthost] [warning] [Decorations] CAPPING events from decorations provider vscode.git 2106
[2021-07-16 10:50:29.270] [exthost] [warning] [Decorations] CAPPING events from decorations provider vscode.git 2106
[2021-07-16 10:50:34.348] [exthost] [warning] [Decorations] CAPPING events from decorations provider vscode.git 2106
[2021-07-16 10:51:24.017] [exthost] [warning] [Decorations] CAPPING events from decorations provider vscode.git 2106
[2021-07-16 10:51:29.100] [exthost] [warning] [Decorations] CAPPING events from decorations provider vscode.git 2106
[2021-07-16 10:51:34.198] [exthost] [warning] [Decorations] CAPPING events from decorations provider vscode.git 2106
[2021-07-16 10:51:39.305] [exthost] [warning] [Decorations] CAPPING events from decorations provider vscode.git 2106
[2021-07-16 10:52:04.087] [exthost] [warning] [Decorations] CAPPING events from decorations provider vscode.git 2106
[2021-07-16 10:52:09.182] [exthost] [warning] [Decorations] CAPPING events from decorations provider vscode.git 2106
[2021-07-16 10:52:14.991] [exthost] [warning] [Decorations] CAPPING events from decorations provider vscode.git 2106
[2021-07-16 10:53:05.177] [exthost] [warning] [Decorations] CAPPING events from decorations provider vscode.git 2106
[2021-07-16 10:53:14.175] [exthost] [warning] [Decorations] CAPPING events from decorations provider vscode.git 2106
[2021-07-16 10:53:34.715] [exthost] [warning] [Decorations] CAPPING events from decorations provider vscode.git 2106
[2021-07-16 10:53:39.819] [exthost] [warning] [Decorations] CAPPING events from decorations provider vscode.git 2106
[2021-07-16 10:54:01.224] [exthost] [warning] [Decorations] CAPPING events from decorations provider vscode.git 2106
[2021-07-16 10:54:06.326] [exthost] [warning] [Decorations] CAPPING events from decorations provider vscode.git 2106
[2021-07-16 10:54:11.422] [exthost] [warning] [Decorations] CAPPING events from decorations provider vscode.git 2106
[2021-07-16 10:54:48.429] [exthost] [warning] [Decorations] CAPPING events from decorations provider vscode.git 2106
[2021-07-16 10:54:53.516] [exthost] [warning] [Decorations] CAPPING events from decorations provider vscode.git 2106
[2021-07-16 10:55:02.545] [exthost] [warning] [Decorations] CAPPING events from decorations provider vscode.git 2106
[2021-07-16 10:55:08.292] [exthost] [warning] [Decorations] CAPPING events from decorations provider vscode.git 2106
[2021-07-16 10:55:13.905] [exthost] [warning] [Decorations] CAPPING events from decorations provider vscode.git 2106
[2021-07-16 10:55:19.019] [exthost] [warning] [Decorations] CAPPING events from decorations provider vscode.git 2106
[2021-07-16 10:55:24.593] [exthost] [warning] [Decorations] CAPPING events from decorations provider vscode.git 2106
[2021-07-16 10:55:30.021] [exthost] [warning] [Decorations] CAPPING events from decorations provider vscode.git 2106
[2021-07-16 10:55:40.538] [exthost] [warning] [Decorations] CAPPING events from decorations provider vscode.git 2106
[2021-07-16 10:55:45.620] [exthost] [warning] [Decorations] CAPPING events from decorations provider vscode.git 2106
[2021-07-16 10:58:20.799] [exthost] [warning] [Decorations] CAPPING events from decorations provider vscode.git 2106
[2021-07-16 10:58:46.084] [exthost] [warning] [Decorations] CAPPING events from decorations provider vscode.git 2106
[2021-07-16 10:58:51.270] [exthost] [warning] [Decorations] CAPPING events from decorations provider vscode.git 2106
[2021-07-16 10:58:56.372] [exthost] [warning] [Decorations] CAPPING events from decorations provider vscode.git 2106
[2021-07-16 10:59:01.453] [exthost] [warning] [Decorations] CAPPING events from decorations provider vscode.git 2106
[2021-07-16 10:59:06.553] [exthost] [warning] [Decorations] CAPPING events from decorations provider vscode.git 2106
[2021-07-16 10:59:11.621] [exthost] [warning] [Decorations] CAPPING events from decorations provider vscode.git 2106
[2021-07-16 10:59:16.738] [exthost] [warning] [Decorations] CAPPING events from decorations provider vscode.git 2106
[2021-07-16 10:59:41.124] [exthost] [warning] [Decorations] CAPPING events from decorations provider vscode.git 2106
[2021-07-16 10:59:46.200] [exthost] [warning] [Decorations] CAPPING events from decorations provider vscode.git 2106
[2021-07-16 11:00:30.077] [exthost] [warning] [Decorations] CAPPING events from decorations provider vscode.git 2106
[2021-07-16 11:00:35.168] [exthost] [warning] [Decorations] CAPPING events from decorations provider vscode.git 2106
[2021-07-16 11:00:40.277] [exthost] [warning] [Decorations] CAPPING events from decorations provider vscode.git 2106
[2021-07-16 11:00:45.476] [exthost] [warning] [Decorations] CAPPING events from decorations provider vscode.git 2106
[2021-07-16 11:00:50.614] [exthost] [warning] [Decorations] CAPPING events from decorations provider vscode.git 2106
[2021-07-16 11:01:11.563] [exthost] [warning] [Decorations] CAPPING events from decorations provider vscode.git 2106
[2021-07-16 11:01:16.651] [exthost] [warning] [Decorations] CAPPING events from decorations provider vscode.git 2106
[2021-07-16 11:01:21.841] [exthost] [warning] [Decorations] CAPPING events from decorations provider vscode.git 2106
[2021-07-16 11:01:33.057] [exthost] [warning] [Decorations] CAPPING events from decorations provider vscode.git 2106
[2021-07-16 11:02:40.119] [exthost] [warning] [Decorations] CAPPING events from decorations provider vscode.git 2106
[2021-07-16 11:02:45.228] [exthost] [warning] [Decorations] CAPPING events from decorations provider vscode.git 2106
[2021-07-16 11:02:50.338] [exthost] [warning] [Decorations] CAPPING events from decorations provider vscode.git 2106
[2021-07-16 11:05:24.250] [exthost] [warning] [Decorations] CAPPING events from decorations provider vscode.git 2106
[2021-07-16 11:05:29.808] [exthost] [warning] [Decorations] CAPPING events from decorations provider vscode.git 2106
[2021-07-16 11:08:00.069] [exthost] [warning] [Decorations] CAPPING events from decorations provider vscode.git 2106
[2021-07-16 11:08:33.605] [exthost] [warning] [Decorations] CAPPING events from decorations provider vscode.git 2106
[2021-07-16 11:08:38.714] [exthost] [warning] [Decorations] CAPPING events from decorations provider vscode.git 2106
[2021-07-16 11:10:05.167] [exthost] [warning] [Decorations] CAPPING events from decorations provider vscode.git 2106
[2021-07-16 11:10:10.269] [exthost] [warning] [Decorations] CAPPING events from decorations provider vscode.git 2106
