[2021-07-12 18:50:09.568] [exthost] [info] extension host started
[2021-07-12 18:50:09.599] [exthost] [error] Error: EEXIST: file already exists, open '/opt/lampp/htdocs/LivingOut/~/.vscode-root/User/workspaceStorage/9a4b0a203d1e2f9b803654bc1b946b57/vscode.lock'
[2021-07-12 18:50:09.639] [exthost] [info] Lock '/opt/lampp/htdocs/LivingOut/~/.vscode-root/User/workspaceStorage/9a4b0a203d1e2f9b803654bc1b946b57/vscode.lock': Could not acquire lock, checking if the file is stale.
[2021-07-12 18:50:09.672] [exthost] [info] Lock '/opt/lampp/htdocs/LivingOut/~/.vscode-root/User/workspaceStorage/9a4b0a203d1e2f9b803654bc1b946b57/vscode.lock': The pid 20810 appears to be gone.
[2021-07-12 18:50:09.672] [exthost] [info] Lock '/opt/lampp/htdocs/LivingOut/~/.vscode-root/User/workspaceStorage/9a4b0a203d1e2f9b803654bc1b946b57/vscode.lock': Deleting a stale lock.
[2021-07-12 18:50:09.673] [exthost] [info] Lock '/opt/lampp/htdocs/LivingOut/~/.vscode-root/User/workspaceStorage/9a4b0a203d1e2f9b803654bc1b946b57/vscode.lock': Lock acquired.
[2021-07-12 18:50:09.714] [exthost] [info] ExtensionService#_doActivateExtension vscode.microsoft-authentication {"startup":false,"extensionId":{"value":"vscode.microsoft-authentication","_lower":"vscode.microsoft-authentication"},"activationEvent":"onAuthenticationRequest:microsoft"}
[2021-07-12 18:50:09.714] [exthost] [info] ExtensionService#loadCommonJSModule file:///snap/code/68/usr/share/code/resources/app/extensions/microsoft-authentication/dist/extension.js
[2021-07-12 18:50:09.729] [exthost] [info] ExtensionService#_doActivateExtension vscode.php-language-features {"startup":false,"extensionId":{"value":"vscode.php-language-features","_lower":"vscode.php-language-features"},"activationEvent":"onLanguage:php"}
[2021-07-12 18:50:09.729] [exthost] [info] ExtensionService#loadCommonJSModule file:///snap/code/68/usr/share/code/resources/app/extensions/php-language-features/dist/phpMain
[2021-07-12 18:50:09.749] [exthost] [info] ExtensionService#_doActivateExtension vscode.debug-auto-launch {"startup":true,"extensionId":{"value":"vscode.debug-auto-launch","_lower":"vscode.debug-auto-launch"},"activationEvent":"*"}
[2021-07-12 18:50:09.750] [exthost] [info] ExtensionService#loadCommonJSModule file:///snap/code/68/usr/share/code/resources/app/extensions/debug-auto-launch/dist/extension
[2021-07-12 18:50:09.753] [exthost] [info] ExtensionService#_doActivateExtension vscode.git {"startup":true,"extensionId":{"value":"vscode.github","_lower":"vscode.github"},"activationEvent":"*"}
[2021-07-12 18:50:09.753] [exthost] [info] ExtensionService#loadCommonJSModule file:///snap/code/68/usr/share/code/resources/app/extensions/git/dist/main
[2021-07-12 18:50:09.784] [exthost] [info] ExtensionService#_doActivateExtension humy2833.ftp-simple {"startup":true,"extensionId":{"value":"humy2833.ftp-simple","_lower":"humy2833.ftp-simple"},"activationEvent":"*"}
[2021-07-12 18:50:09.784] [exthost] [info] ExtensionService#loadCommonJSModule file:///root/.vscode/extensions/humy2833.ftp-simple-0.7.6/extension
[2021-07-12 18:50:10.215] [exthost] [info] ExtensionService#_doActivateExtension vscode.npm {"startup":true,"extensionId":{"value":"vscode.npm","_lower":"vscode.npm"},"activationEvent":"workspaceContains:package.json"}
[2021-07-12 18:50:10.215] [exthost] [info] ExtensionService#loadCommonJSModule file:///snap/code/68/usr/share/code/resources/app/extensions/npm/dist/npmMain
[2021-07-12 18:50:10.520] [exthost] [info] ExtensionService#_doActivateExtension vscode.github {"startup":true,"extensionId":{"value":"vscode.github","_lower":"vscode.github"},"activationEvent":"*"}
[2021-07-12 18:50:10.520] [exthost] [info] ExtensionService#loadCommonJSModule file:///snap/code/68/usr/share/code/resources/app/extensions/github/dist/extension.js
[2021-07-12 18:50:10.611] [exthost] [warning] [Decorations] CAPPING events from decorations provider vscode.git 527
[2021-07-12 18:50:11.168] [exthost] [info] ExtensionService#_doActivateExtension ms-vscode.js-debug {"startup":false,"extensionId":{"value":"ms-vscode.js-debug","_lower":"ms-vscode.js-debug"},"activationEvent":"onCommand:extension.js-debug.clearAutoAttachVariables"}
[2021-07-12 18:50:11.169] [exthost] [info] ExtensionService#loadCommonJSModule file:///snap/code/68/usr/share/code/resources/app/extensions/ms-vscode.js-debug/src/extension.js
[2021-07-12 18:50:11.464] [exthost] [info] eager extensions activated
[2021-07-12 18:50:11.632] [exthost] [info] ExtensionService#_doActivateExtension vscode.emmet {"startup":false,"extensionId":{"value":"vscode.emmet","_lower":"vscode.emmet"},"activationEvent":"onStartupFinished"}
[2021-07-12 18:50:11.633] [exthost] [info] ExtensionService#loadCommonJSModule file:///snap/code/68/usr/share/code/resources/app/extensions/emmet/dist/node/emmetNodeMain
[2021-07-12 18:50:11.645] [exthost] [info] ExtensionService#_doActivateExtension vscode.merge-conflict {"startup":false,"extensionId":{"value":"vscode.merge-conflict","_lower":"vscode.merge-conflict"},"activationEvent":"onStartupFinished"}
[2021-07-12 18:50:11.645] [exthost] [info] ExtensionService#loadCommonJSModule file:///snap/code/68/usr/share/code/resources/app/extensions/merge-conflict/dist/mergeConflictMain
[2021-07-12 18:50:11.652] [exthost] [info] ExtensionService#_doActivateExtension vscode.testing-editor-contributions {"startup":false,"extensionId":{"value":"vscode.testing-editor-contributions","_lower":"vscode.testing-editor-contributions"},"activationEvent":"onStartupFinished"}
[2021-07-12 18:50:11.652] [exthost] [info] ExtensionService#loadCommonJSModule file:///snap/code/68/usr/share/code/resources/app/extensions/testing-editor-contributions/dist/extension.js
[2021-07-12 18:50:11.903] [exthost] [info] ExtensionService#_doActivateExtension vscode.github-authentication {"startup":false,"extensionId":{"value":"vscode.github-authentication","_lower":"vscode.github-authentication"},"activationEvent":"onAuthenticationRequest:github"}
[2021-07-12 18:50:11.903] [exthost] [info] ExtensionService#loadCommonJSModule file:///snap/code/68/usr/share/code/resources/app/extensions/github-authentication/dist/extension.js
[2021-07-12 18:51:30.335] [exthost] [warning] [Decorations] CAPPING events from decorations provider vscode.git 528
[2021-07-12 18:51:35.456] [exthost] [warning] [Decorations] CAPPING events from decorations provider vscode.git 528
[2021-07-12 19:07:34.699] [exthost] [info] ExtensionService#_doActivateExtension onecentlin.laravel-blade {"startup":false,"extensionId":{"value":"onecentlin.laravel-blade","_lower":"onecentlin.laravel-blade"},"activationEvent":"onLanguage:blade"}
[2021-07-12 19:07:34.699] [exthost] [info] ExtensionService#loadCommonJSModule file:///root/.vscode/extensions/onecentlin.laravel-blade-1.25.0/out/extension
[2021-07-12 19:08:26.448] [exthost] [warning] [Decorations] CAPPING events from decorations provider vscode.git 530
[2021-07-12 19:08:31.511] [exthost] [warning] [Decorations] CAPPING events from decorations provider vscode.git 530
[2021-07-12 19:08:36.655] [exthost] [warning] [Decorations] CAPPING events from decorations provider vscode.git 530
[2021-07-12 19:08:41.718] [exthost] [warning] [Decorations] CAPPING events from decorations provider vscode.git 530
[2021-07-12 19:08:46.850] [exthost] [warning] [Decorations] CAPPING events from decorations provider vscode.git 530
[2021-07-12 19:08:51.965] [exthost] [warning] [Decorations] CAPPING events from decorations provider vscode.git 530
[2021-07-12 19:08:57.055] [exthost] [warning] [Decorations] CAPPING events from decorations provider vscode.git 530
[2021-07-12 19:09:02.126] [exthost] [warning] [Decorations] CAPPING events from decorations provider vscode.git 530
[2021-07-12 19:09:07.246] [exthost] [warning] [Decorations] CAPPING events from decorations provider vscode.git 530
[2021-07-12 19:09:13.213] [exthost] [warning] [Decorations] CAPPING events from decorations provider vscode.git 530
[2021-07-12 19:09:18.305] [exthost] [warning] [Decorations] CAPPING events from decorations provider vscode.git 530
[2021-07-12 19:09:28.479] [exthost] [warning] [Decorations] CAPPING events from decorations provider vscode.git 530
[2021-07-12 19:09:33.595] [exthost] [warning] [Decorations] CAPPING events from decorations provider vscode.git 530
[2021-07-12 19:09:47.038] [exthost] [warning] [Decorations] CAPPING events from decorations provider vscode.git 530
[2021-07-12 19:09:52.205] [exthost] [warning] [Decorations] CAPPING events from decorations provider vscode.git 530
[2021-07-12 19:09:57.291] [exthost] [warning] [Decorations] CAPPING events from decorations provider vscode.git 530
[2021-07-12 19:10:02.415] [exthost] [warning] [Decorations] CAPPING events from decorations provider vscode.git 530
[2021-07-12 19:10:07.508] [exthost] [warning] [Decorations] CAPPING events from decorations provider vscode.git 530
[2021-07-12 19:10:12.593] [exthost] [warning] [Decorations] CAPPING events from decorations provider vscode.git 530
[2021-07-12 19:10:17.667] [exthost] [warning] [Decorations] CAPPING events from decorations provider vscode.git 530
[2021-07-12 19:10:35.326] [exthost] [warning] [Decorations] CAPPING events from decorations provider vscode.git 530
[2021-07-12 19:10:40.398] [exthost] [warning] [Decorations] CAPPING events from decorations provider vscode.git 530
[2021-07-12 19:10:58.716] [exthost] [warning] [Decorations] CAPPING events from decorations provider vscode.git 530
[2021-07-12 19:11:10.399] [exthost] [warning] [Decorations] CAPPING events from decorations provider vscode.git 530
[2021-07-12 19:11:15.480] [exthost] [warning] [Decorations] CAPPING events from decorations provider vscode.git 530
[2021-07-12 19:11:23.049] [exthost] [warning] [Decorations] CAPPING events from decorations provider vscode.git 530
[2021-07-12 19:11:28.131] [exthost] [warning] [Decorations] CAPPING events from decorations provider vscode.git 530
[2021-07-12 19:11:33.286] [exthost] [warning] [Decorations] CAPPING events from decorations provider vscode.git 530
[2021-07-12 19:11:38.348] [exthost] [warning] [Decorations] CAPPING events from decorations provider vscode.git 530
[2021-07-12 19:11:43.427] [exthost] [warning] [Decorations] CAPPING events from decorations provider vscode.git 530
[2021-07-12 19:11:48.513] [exthost] [warning] [Decorations] CAPPING events from decorations provider vscode.git 530
[2021-07-12 19:11:53.617] [exthost] [warning] [Decorations] CAPPING events from decorations provider vscode.git 530
[2021-07-12 19:11:58.704] [exthost] [warning] [Decorations] CAPPING events from decorations provider vscode.git 530
[2021-07-12 19:12:08.517] [exthost] [warning] [Decorations] CAPPING events from decorations provider vscode.git 530
[2021-07-12 19:12:11.817] [exthost] [info] ExtensionService#_doActivateExtension vscode.html-language-features {"startup":false,"extensionId":{"value":"vscode.html-language-features","_lower":"vscode.html-language-features"},"activationEvent":"onLanguage:html"}
[2021-07-12 19:12:11.817] [exthost] [info] ExtensionService#loadCommonJSModule file:///snap/code/68/usr/share/code/resources/app/extensions/html-language-features/client/dist/node/htmlClientMain
[2021-07-12 19:12:18.404] [exthost] [warning] [Decorations] CAPPING events from decorations provider vscode.git 530
[2021-07-12 19:12:35.997] [exthost] [warning] [Decorations] CAPPING events from decorations provider vscode.git 531
[2021-07-12 19:12:41.066] [exthost] [warning] [Decorations] CAPPING events from decorations provider vscode.git 531
[2021-07-12 19:12:46.154] [exthost] [warning] [Decorations] CAPPING events from decorations provider vscode.git 531
[2021-07-12 19:12:51.229] [exthost] [warning] [Decorations] CAPPING events from decorations provider vscode.git 531
[2021-07-12 19:12:56.309] [exthost] [warning] [Decorations] CAPPING events from decorations provider vscode.git 531
[2021-07-12 19:13:01.393] [exthost] [warning] [Decorations] CAPPING events from decorations provider vscode.git 531
[2021-07-12 19:13:07.601] [exthost] [warning] [Decorations] CAPPING events from decorations provider vscode.git 531
[2021-07-12 19:13:12.706] [exthost] [warning] [Decorations] CAPPING events from decorations provider vscode.git 531
[2021-07-12 19:13:21.238] [exthost] [warning] [Decorations] CAPPING events from decorations provider vscode.git 531
[2021-07-12 19:13:27.977] [exthost] [warning] [Decorations] CAPPING events from decorations provider vscode.git 531
[2021-07-12 19:13:39.780] [exthost] [warning] [Decorations] CAPPING events from decorations provider vscode.git 531
[2021-07-12 19:13:44.911] [exthost] [warning] [Decorations] CAPPING events from decorations provider vscode.git 531
[2021-07-12 19:13:50.001] [exthost] [warning] [Decorations] CAPPING events from decorations provider vscode.git 531
[2021-07-12 19:13:55.097] [exthost] [warning] [Decorations] CAPPING events from decorations provider vscode.git 531
[2021-07-12 19:14:00.180] [exthost] [warning] [Decorations] CAPPING events from decorations provider vscode.git 531
[2021-07-12 19:14:36.328] [exthost] [warning] [Decorations] CAPPING events from decorations provider vscode.git 532
[2021-07-12 19:15:31.897] [exthost] [warning] [Decorations] CAPPING events from decorations provider vscode.git 532
[2021-07-12 19:16:17.219] [exthost] [warning] [Decorations] CAPPING events from decorations provider vscode.git 532
[2021-07-12 19:17:05.299] [exthost] [warning] [Decorations] CAPPING events from decorations provider vscode.git 532
[2021-07-12 19:18:14.205] [exthost] [warning] [Decorations] CAPPING events from decorations provider vscode.git 532
[2021-07-12 19:18:37.766] [exthost] [warning] [Decorations] CAPPING events from decorations provider vscode.git 532
[2021-07-12 19:18:42.839] [exthost] [warning] [Decorations] CAPPING events from decorations provider vscode.git 532
[2021-07-12 19:24:05.085] [exthost] [info] ExtensionService#_doActivateExtension vscode.css-language-features {"startup":false,"extensionId":{"value":"vscode.css-language-features","_lower":"vscode.css-language-features"},"activationEvent":"onLanguage:css"}
[2021-07-12 19:24:05.085] [exthost] [info] ExtensionService#loadCommonJSModule file:///snap/code/68/usr/share/code/resources/app/extensions/css-language-features/client/dist/node/cssClientMain
[2021-07-12 19:24:40.012] [exthost] [warning] [Decorations] CAPPING events from decorations provider vscode.git 534
[2021-07-12 19:24:45.098] [exthost] [warning] [Decorations] CAPPING events from decorations provider vscode.git 534
[2021-07-12 19:25:20.454] [exthost] [warning] [Decorations] CAPPING events from decorations provider vscode.git 534
[2021-07-12 19:25:29.546] [exthost] [warning] [Decorations] CAPPING events from decorations provider vscode.git 534
[2021-07-12 19:25:58.849] [exthost] [warning] [Decorations] CAPPING events from decorations provider vscode.git 534
[2021-07-12 19:26:27.360] [exthost] [warning] [Decorations] CAPPING events from decorations provider vscode.git 534
[2021-07-12 19:26:32.864] [exthost] [warning] [Decorations] CAPPING events from decorations provider vscode.git 534
[2021-07-12 19:26:46.072] [exthost] [warning] [Decorations] CAPPING events from decorations provider vscode.git 534
[2021-07-12 19:26:58.232] [exthost] [warning] [Decorations] CAPPING events from decorations provider vscode.git 534
[2021-07-12 19:27:08.610] [exthost] [warning] [Decorations] CAPPING events from decorations provider vscode.git 534
[2021-07-12 19:27:13.687] [exthost] [warning] [Decorations] CAPPING events from decorations provider vscode.git 534
[2021-07-12 19:41:21.087] [exthost] [warning] [Decorations] CAPPING events from decorations provider vscode.git 534
[2021-07-12 19:41:26.165] [exthost] [warning] [Decorations] CAPPING events from decorations provider vscode.git 534
[2021-07-12 19:41:34.316] [exthost] [warning] [Decorations] CAPPING events from decorations provider vscode.git 534
[2021-07-12 19:42:10.455] [exthost] [warning] [Decorations] CAPPING events from decorations provider vscode.git 534
[2021-07-12 19:42:31.867] [exthost] [warning] [Decorations] CAPPING events from decorations provider vscode.git 534
[2021-07-12 19:42:36.939] [exthost] [warning] [Decorations] CAPPING events from decorations provider vscode.git 534
[2021-07-12 19:42:42.008] [exthost] [warning] [Decorations] CAPPING events from decorations provider vscode.git 534
[2021-07-12 19:42:47.090] [exthost] [warning] [Decorations] CAPPING events from decorations provider vscode.git 534
[2021-07-12 19:42:52.172] [exthost] [warning] [Decorations] CAPPING events from decorations provider vscode.git 534
[2021-07-12 19:42:57.243] [exthost] [warning] [Decorations] CAPPING events from decorations provider vscode.git 534
[2021-07-12 19:43:02.328] [exthost] [warning] [Decorations] CAPPING events from decorations provider vscode.git 534
[2021-07-12 19:43:30.514] [exthost] [warning] [Decorations] CAPPING events from decorations provider vscode.git 534
[2021-07-12 19:43:37.520] [exthost] [warning] [Decorations] CAPPING events from decorations provider vscode.git 534
[2021-07-12 19:43:42.605] [exthost] [warning] [Decorations] CAPPING events from decorations provider vscode.git 534
[2021-07-12 19:44:29.210] [exthost] [warning] [Decorations] CAPPING events from decorations provider vscode.git 534
[2021-07-12 19:44:34.291] [exthost] [warning] [Decorations] CAPPING events from decorations provider vscode.git 534
[2021-07-12 19:45:27.982] [exthost] [warning] [Decorations] CAPPING events from decorations provider vscode.git 534
[2021-07-12 19:59:12.779] [exthost] [warning] [Decorations] CAPPING events from decorations provider vscode.git 534
[2021-07-12 19:59:17.861] [exthost] [warning] [Decorations] CAPPING events from decorations provider vscode.git 534
[2021-07-12 19:59:22.935] [exthost] [warning] [Decorations] CAPPING events from decorations provider vscode.git 534
[2021-07-12 20:00:12.101] [exthost] [warning] [Decorations] CAPPING events from decorations provider vscode.git 534
[2021-07-12 20:00:17.185] [exthost] [warning] [Decorations] CAPPING events from decorations provider vscode.git 534
[2021-07-12 20:01:31.863] [exthost] [warning] [Decorations] CAPPING events from decorations provider vscode.git 534
[2021-07-12 20:01:36.927] [exthost] [warning] [Decorations] CAPPING events from decorations provider vscode.git 534
[2021-07-12 20:02:21.233] [exthost] [warning] [Decorations] CAPPING events from decorations provider vscode.git 534
[2021-07-12 20:02:26.305] [exthost] [warning] [Decorations] CAPPING events from decorations provider vscode.git 534
[2021-07-12 20:02:42.434] [exthost] [warning] [Decorations] CAPPING events from decorations provider vscode.git 534
[2021-07-12 20:02:48.445] [exthost] [warning] [Decorations] CAPPING events from decorations provider vscode.git 534
[2021-07-12 20:02:53.526] [exthost] [warning] [Decorations] CAPPING events from decorations provider vscode.git 534
[2021-07-12 20:02:59.494] [exthost] [warning] [Decorations] CAPPING events from decorations provider vscode.git 534
[2021-07-12 20:03:15.385] [exthost] [warning] [Decorations] CAPPING events from decorations provider vscode.git 534
[2021-07-12 20:03:20.469] [exthost] [warning] [Decorations] CAPPING events from decorations provider vscode.git 534
[2021-07-12 20:03:31.779] [exthost] [warning] [Decorations] CAPPING events from decorations provider vscode.git 534
[2021-07-12 20:03:49.217] [exthost] [warning] [Decorations] CAPPING events from decorations provider vscode.git 534
[2021-07-12 20:03:54.337] [exthost] [warning] [Decorations] CAPPING events from decorations provider vscode.git 534
[2021-07-12 20:03:59.450] [exthost] [warning] [Decorations] CAPPING events from decorations provider vscode.git 534
[2021-07-12 20:04:38.093] [exthost] [warning] [Decorations] CAPPING events from decorations provider vscode.git 534
[2021-07-12 20:04:47.254] [exthost] [warning] [Decorations] CAPPING events from decorations provider vscode.git 534
[2021-07-12 20:05:11.560] [exthost] [warning] [Decorations] CAPPING events from decorations provider vscode.git 534
[2021-07-12 20:05:22.198] [exthost] [warning] [Decorations] CAPPING events from decorations provider vscode.git 534
[2021-07-12 20:05:29.511] [exthost] [warning] [Decorations] CAPPING events from decorations provider vscode.git 534
[2021-07-12 20:05:36.481] [exthost] [warning] [Decorations] CAPPING events from decorations provider vscode.git 534
[2021-07-12 20:05:42.732] [exthost] [warning] [Decorations] CAPPING events from decorations provider vscode.git 534
[2021-07-12 20:05:47.795] [exthost] [warning] [Decorations] CAPPING events from decorations provider vscode.git 534
[2021-07-12 20:05:54.328] [exthost] [warning] [Decorations] CAPPING events from decorations provider vscode.git 534
[2021-07-12 20:06:37.669] [exthost] [warning] [Decorations] CAPPING events from decorations provider vscode.git 534
[2021-07-12 20:07:07.747] [exthost] [warning] [Decorations] CAPPING events from decorations provider vscode.git 534
[2021-07-12 20:07:12.825] [exthost] [warning] [Decorations] CAPPING events from decorations provider vscode.git 534
[2021-07-12 20:08:02.030] [exthost] [warning] [Decorations] CAPPING events from decorations provider vscode.git 534
[2021-07-12 20:08:44.379] [exthost] [warning] [Decorations] CAPPING events from decorations provider vscode.git 534
[2021-07-12 20:11:29.703] [exthost] [warning] [Decorations] CAPPING events from decorations provider vscode.git 534
[2021-07-12 22:48:37.434] [exthost] [warning] [Decorations] CAPPING events from decorations provider vscode.git 534
