[2021-07-09 14:22:51.366] [exthost] [info] extension host started
[2021-07-09 14:22:51.670] [exthost] [info] ExtensionService#_doActivateExtension vscode.microsoft-authentication {"startup":false,"extensionId":{"value":"vscode.microsoft-authentication","_lower":"vscode.microsoft-authentication"},"activationEvent":"onAuthenticationRequest:microsoft"}
[2021-07-09 14:22:51.670] [exthost] [info] ExtensionService#loadCommonJSModule file:///snap/code/67/usr/share/code/resources/app/extensions/microsoft-authentication/dist/extension.js
[2021-07-09 14:22:51.713] [exthost] [info] ExtensionService#_doActivateExtension vscode.debug-auto-launch {"startup":true,"extensionId":{"value":"vscode.debug-auto-launch","_lower":"vscode.debug-auto-launch"},"activationEvent":"*"}
[2021-07-09 14:22:51.713] [exthost] [info] ExtensionService#loadCommonJSModule file:///snap/code/67/usr/share/code/resources/app/extensions/debug-auto-launch/dist/extension
[2021-07-09 14:22:51.732] [exthost] [info] ExtensionService#_doActivateExtension vscode.git {"startup":true,"extensionId":{"value":"vscode.github","_lower":"vscode.github"},"activationEvent":"*"}
[2021-07-09 14:22:51.732] [exthost] [info] ExtensionService#loadCommonJSModule file:///snap/code/67/usr/share/code/resources/app/extensions/git/dist/main
[2021-07-09 14:22:51.778] [exthost] [info] ExtensionService#_doActivateExtension humy2833.ftp-simple {"startup":true,"extensionId":{"value":"humy2833.ftp-simple","_lower":"humy2833.ftp-simple"},"activationEvent":"*"}
[2021-07-09 14:22:51.778] [exthost] [info] ExtensionService#loadCommonJSModule file:///root/.vscode/extensions/humy2833.ftp-simple-0.7.6/extension
[2021-07-09 14:22:52.894] [exthost] [info] ExtensionService#_doActivateExtension vscode.npm {"startup":true,"extensionId":{"value":"vscode.npm","_lower":"vscode.npm"},"activationEvent":"workspaceContains:package.json"}
[2021-07-09 14:22:52.894] [exthost] [info] ExtensionService#loadCommonJSModule file:///snap/code/67/usr/share/code/resources/app/extensions/npm/dist/npmMain
[2021-07-09 14:22:53.611] [exthost] [info] ExtensionService#_doActivateExtension vscode.github {"startup":true,"extensionId":{"value":"vscode.github","_lower":"vscode.github"},"activationEvent":"*"}
[2021-07-09 14:22:53.612] [exthost] [info] ExtensionService#loadCommonJSModule file:///snap/code/67/usr/share/code/resources/app/extensions/github/dist/extension.js
[2021-07-09 14:22:54.041] [exthost] [info] ExtensionService#_doActivateExtension ms-vscode.js-debug {"startup":false,"extensionId":{"value":"ms-vscode.js-debug","_lower":"ms-vscode.js-debug"},"activationEvent":"onCommand:extension.js-debug.clearAutoAttachVariables"}
[2021-07-09 14:22:54.041] [exthost] [info] ExtensionService#loadCommonJSModule file:///snap/code/67/usr/share/code/resources/app/extensions/ms-vscode.js-debug/src/extension.js
[2021-07-09 14:22:54.916] [exthost] [info] eager extensions activated
[2021-07-09 14:22:55.046] [exthost] [info] ExtensionService#_doActivateExtension vscode.emmet {"startup":false,"extensionId":{"value":"vscode.emmet","_lower":"vscode.emmet"},"activationEvent":"onStartupFinished"}
[2021-07-09 14:22:55.046] [exthost] [info] ExtensionService#loadCommonJSModule file:///snap/code/67/usr/share/code/resources/app/extensions/emmet/dist/node/emmetNodeMain
[2021-07-09 14:22:55.074] [exthost] [info] ExtensionService#_doActivateExtension vscode.merge-conflict {"startup":false,"extensionId":{"value":"vscode.merge-conflict","_lower":"vscode.merge-conflict"},"activationEvent":"onStartupFinished"}
[2021-07-09 14:22:55.074] [exthost] [info] ExtensionService#loadCommonJSModule file:///snap/code/67/usr/share/code/resources/app/extensions/merge-conflict/dist/mergeConflictMain
[2021-07-09 14:22:55.084] [exthost] [info] ExtensionService#_doActivateExtension vscode.testing-editor-contributions {"startup":false,"extensionId":{"value":"vscode.testing-editor-contributions","_lower":"vscode.testing-editor-contributions"},"activationEvent":"onStartupFinished"}
[2021-07-09 14:22:55.084] [exthost] [info] ExtensionService#loadCommonJSModule file:///snap/code/67/usr/share/code/resources/app/extensions/testing-editor-contributions/dist/extension.js
[2021-07-09 14:22:55.130] [exthost] [info] ExtensionService#_doActivateExtension vscode.github-authentication {"startup":false,"extensionId":{"value":"vscode.github-authentication","_lower":"vscode.github-authentication"},"activationEvent":"onAuthenticationRequest:github"}
[2021-07-09 14:22:55.130] [exthost] [info] ExtensionService#loadCommonJSModule file:///snap/code/67/usr/share/code/resources/app/extensions/github-authentication/dist/extension.js
[2021-07-09 14:23:58.650] [exthost] [info] ExtensionService#_doActivateExtension vscode.php-language-features {"startup":false,"extensionId":{"value":"vscode.php-language-features","_lower":"vscode.php-language-features"},"activationEvent":"onLanguage:php"}
[2021-07-09 14:23:58.650] [exthost] [info] ExtensionService#loadCommonJSModule file:///snap/code/67/usr/share/code/resources/app/extensions/php-language-features/dist/phpMain
